2017/01/02 13:50:01 181 0
2017/01/02 14:00:01 181 0
2017/01/02 14:10:01 181 0
2017/01/02 14:20:01 182 0
2017/01/02 14:30:01 182 1
2017/01/02 14:40:01 180 1
2017/01/02 14:50:01 180 1
2017/01/02 15:00:01 180 1
2017/01/02 15:10:01 178 2
2017/01/02 15:20:02 176 2
2017/01/02 15:30:01 175 2
2017/01/02 15:40:01 175 2
2017/01/02 15:50:02 175 2
2017/01/02 16:00:01 176 3
2017/01/02 16:10:01 176 3
2017/01/02 16:20:01 175 3
2017/01/02 16:30:01 173 3
2017/01/02 16:40:01 173 3
2017/01/02 16:50:01 173 3
2017/01/02 17:00:01 174 4
2017/01/02 17:10:01 174 5
2017/01/02 17:20:01 174 5
2017/01/02 17:30:01 173 5
2017/01/02 17:40:01 173 6
2017/01/02 17:50:01 173 5
2017/01/02 18:00:01 173 6
2017/01/02 18:10:01 173 6
2017/01/02 18:20:01 172 7
2017/01/02 18:30:01 174 8
2017/01/02 18:40:01 173 8
2017/01/02 18:50:01 174 8
2017/01/02 19:00:01 174 7
2017/01/02 19:10:01 174 9
2017/01/02 19:20:01 174 10
2017/01/02 19:30:01 174 10
2017/01/02 19:40:01 174 9
2017/01/02 19:50:02 176 9
2017/01/02 20:00:01 176 9
2017/01/02 20:10:01 177 9
2017/01/02 20:20:01 176 9
2017/01/02 20:30:01 175 9
2017/01/02 20:40:02 175 8
2017/01/02 20:50:01 175 9
2017/01/02 21:00:01 174 9
2017/01/02 21:10:01 174 11
2017/01/02 21:20:01 174 10
2017/01/02 21:30:01 173 10
2017/01/02 21:40:02 174 9
2017/01/02 21:50:01 174 7
2017/01/02 22:00:01 174 7
2017/01/02 22:10:01 174 6
2017/01/02 22:20:01 174 5
2017/01/02 22:30:02 173 6
2017/01/02 22:40:02 172 5
2017/01/02 22:50:01 172 5
2017/01/02 23:00:01 172 4
2017/01/02 23:10:01 172 4
2017/01/02 23:20:01 172 4
2017/01/02 23:30:01 172 2
2017/01/02 23:40:01 172 2
2017/01/02 23:50:01 173 2
2017/01/03 00:00:02 175 2
2017/01/03 00:10:02 175 2
2017/01/03 00:20:01 176 2
2017/01/03 00:30:01 176 2
2017/01/03 00:40:01 176 2
2017/01/03 00:50:01 176 2
2017/01/03 01:00:01 176 1
2017/01/03 01:10:01 176 1
2017/01/03 01:20:01 176 1
2017/01/03 01:30:02 176 1
2017/01/03 01:40:02 176 0
2017/01/03 01:50:01 178 0
2017/01/03 02:00:01 178 0
2017/01/03 02:10:01 178 0
2017/01/03 02:20:01 178 0
2017/01/03 02:30:01 179 0
2017/01/03 02:40:01 179 0
2017/01/03 02:50:01 179 0
2017/01/03 03:00:01 179 0
2017/01/03 03:10:01 179 0
2017/01/03 03:20:02 180 0
2017/01/03 03:30:01 180 0
2017/01/03 03:40:01 180 0
2017/01/03 03:50:01 180 0
2017/01/03 04:00:01 180 0
2017/01/03 04:10:01 180 0
2017/01/03 04:20:01 181 0
2017/01/03 04:30:02 181 0
2017/01/03 04:40:01 181 0
2017/01/03 04:50:01 181 0
2017/01/03 05:00:01 181 0
2017/01/03 05:10:01 183 0
2017/01/03 05:20:01 183 0
2017/01/03 05:30:02 183 0
2017/01/03 05:40:02 183 0
2017/01/03 05:50:01 183 0
2017/01/03 06:00:01 183 0
2017/01/03 06:10:01 183 0
2017/01/03 06:20:01 183 0
2017/01/03 06:30:01 183 0
2017/01/03 06:40:02 184 0
2017/01/03 06:50:01 184 0
2017/01/03 07:00:01 184 0
2017/01/03 07:10:01 184 0
2017/01/03 07:20:01 184 0
2017/01/03 07:30:01 184 0
2017/01/03 07:40:01 184 0
2017/01/03 07:50:01 184 0
2017/01/03 08:00:01 184 0
2017/01/03 08:10:01 184 0
2017/01/03 08:20:01 184 0
2017/01/03 08:30:01 184 0
2017/01/03 08:40:01 184 0
2017/01/03 08:50:01 184 0
2017/01/03 09:00:01 184 0
2017/01/03 09:10:01 184 0
2017/01/03 09:20:02 184 0
2017/01/03 09:30:01 184 0
2017/01/03 09:40:01 184 0
2017/01/03 09:50:01 184 0
2017/01/03 10:00:01 184 0
2017/01/03 10:10:01 184 0
2017/01/03 10:20:01 184 1
2017/01/03 10:30:01 184 1
2017/01/03 10:40:01 184 1
2017/01/03 10:50:01 184 1
2017/01/03 11:00:01 184 1
2017/01/03 11:10:01 184 1
2017/01/03 11:20:01 184 1
2017/01/03 11:30:01 183 1
2017/01/03 11:40:01 183 1
2017/01/03 11:50:01 182 1
2017/01/03 12:00:01 182 1
2017/01/03 12:10:01 182 0
2017/01/03 12:20:01 182 1
2017/01/03 12:30:02 182 0
2017/01/03 12:40:02 182 0
2017/01/03 12:50:02 182 0
2017/01/03 13:00:01 182 1
2017/01/03 13:10:01 182 1
2017/01/03 13:20:01 182 0
2017/01/03 13:30:01 182 0
2017/01/03 13:40:02 182 0
2017/01/03 13:50:01 182 0
2017/01/03 14:00:01 182 0
2017/01/03 14:10:02 182 0
2017/01/03 14:20:02 182 0
2017/01/03 14:30:01 182 3
2017/01/03 14:40:01 182 3
2017/01/03 14:50:01 182 3
2017/01/03 15:00:01 182 3
2017/01/03 15:10:02 182 2
2017/01/03 15:20:01 181 2
2017/01/03 15:30:01 181 2
2017/01/03 15:40:01 181 2
2017/01/03 15:50:02 181 3
2017/01/03 16:00:01 180 2
2017/01/03 16:10:01 180 2
2017/01/03 16:20:01 180 2
2017/01/03 16:30:01 180 2
2017/01/03 16:40:01 180 2
2017/01/03 16:50:01 180 3
2017/01/03 17:00:01 180 4
2017/01/03 17:10:02 181 4
2017/01/03 17:20:01 181 4
2017/01/03 17:30:01 181 5
2017/01/03 17:40:01 181 5
2017/01/03 17:50:01 181 5
2017/01/03 18:00:01 181 5
2017/01/03 18:10:01 181 5
2017/01/03 18:20:01 180 5
2017/01/03 18:30:01 180 5
2017/01/03 18:40:01 180 6
2017/01/03 18:50:01 180 6
2017/01/03 19:00:01 179 6
2017/01/03 19:10:02 179 8
2017/01/03 19:20:01 179 8
2017/01/03 19:30:01 179 8
2017/01/03 19:40:02 179 9
2017/01/03 19:50:01 178 9
2017/01/03 20:00:02 178 9
2017/01/03 20:10:02 178 9
2017/01/03 20:20:01 176 8
2017/01/03 20:30:02 175 8
2017/01/03 20:40:01 175 8
2017/01/03 20:50:01 175 7
2017/01/03 21:00:01 175 8
2017/01/03 21:10:01 175 7
2017/01/03 21:20:01 175 7
2017/01/03 21:30:01 175 4
2017/01/03 21:40:01 175 3
2017/01/03 21:50:01 175 2
2017/01/03 22:00:01 173 3
2017/01/03 22:10:01 173 3
2017/01/03 22:20:01 173 4
2017/01/03 22:30:01 173 4
2017/01/03 22:40:01 173 5
2017/01/03 22:50:01 173 3
2017/01/03 23:00:01 173 4
2017/01/03 23:10:01 172 5
2017/01/03 23:20:01 173 4
2017/01/03 23:30:01 174 3
2017/01/03 23:40:01 173 4
2017/01/03 23:50:01 173 4
2017/01/04 00:00:01 173 3
2017/01/04 00:10:01 173 2
2017/01/04 00:20:01 174 1
2017/01/04 00:30:01 174 1
2017/01/04 00:40:02 174 1
2017/01/04 00:50:01 174 1
2017/01/04 01:00:01 174 1
2017/01/04 01:10:01 175 1
2017/01/04 01:20:01 175 1
2017/01/04 01:30:02 175 1
2017/01/04 01:40:01 175 1
2017/01/04 01:50:01 174 1
2017/01/04 02:00:01 174 0
2017/01/04 02:10:01 174 0
2017/01/04 02:20:01 174 0
2017/01/04 02:30:02 175 0
2017/01/04 02:40:01 176 0
2017/01/04 02:50:01 176 0
2017/01/04 03:00:01 177 0
2017/01/04 03:10:01 177 0
2017/01/04 03:20:01 179 0
2017/01/04 03:30:01 179 0
2017/01/04 03:40:01 179 0
2017/01/04 03:50:01 180 0
2017/01/04 04:00:01 180 0
2017/01/04 04:10:01 180 1
2017/01/04 04:20:01 180 1
2017/01/04 04:30:01 180 1
2017/01/04 04:40:01 181 1
2017/01/04 04:50:01 181 1
2017/01/04 05:00:01 181 1
2017/01/04 05:10:01 181 0
2017/01/04 05:20:01 181 0
2017/01/04 05:30:01 181 0
2017/01/04 05:40:01 181 0
2017/01/04 05:50:01 181 0
2017/01/04 06:00:01 181 0
2017/01/04 06:10:01 183 0
2017/01/04 06:20:02 183 0
2017/01/04 06:30:01 183 0
2017/01/04 06:40:02 183 1
2017/01/04 06:50:02 183 0
2017/01/04 07:00:01 183 0
2017/01/04 07:10:02 183 0
2017/01/04 07:20:01 183 0
2017/01/04 07:30:01 183 1
2017/01/04 07:40:02 183 2
2017/01/04 07:50:02 182 2
2017/01/04 08:00:02 182 2
2017/01/04 08:10:01 182 2
2017/01/04 08:20:02 182 2
2017/01/04 08:30:02 182 2
2017/01/04 08:40:01 182 2
2017/01/04 08:50:02 182 1
2017/01/04 09:00:01 182 2
2017/01/04 09:10:01 182 1
2017/01/04 09:20:02 182 2
2017/01/04 09:30:02 182 2
2017/01/04 09:40:01 182 2
2017/01/04 09:50:01 182 2
2017/01/04 10:00:01 181 2
2017/01/04 10:10:01 181 2
2017/01/04 10:20:01 181 3
2017/01/04 10:30:01 181 3
2017/01/04 10:40:02 180 3
2017/01/04 10:50:02 180 3
2017/01/04 11:00:01 180 3
2017/01/04 11:10:01 181 3
2017/01/04 11:20:02 181 2
2017/01/04 11:30:01 181 1
2017/01/04 11:40:01 181 1
2017/01/04 11:50:02 181 1
2017/01/04 12:00:01 181 1
2017/01/04 12:10:01 181 1
2017/01/04 12:20:01 182 1
2017/01/04 12:30:02 182 1
2017/01/04 12:40:01 182 1
2017/01/04 12:50:01 182 1
2017/01/04 13:00:02 182 2
2017/01/04 13:10:01 182 2
2017/01/04 13:20:01 182 2
2017/01/04 13:30:01 182 2
2017/01/04 13:40:01 182 2
2017/01/04 13:50:01 182 2
2017/01/04 14:00:01 182 0
2017/01/04 14:10:01 182 1
2017/01/04 14:20:01 183 1
2017/01/04 14:30:01 183 1
2017/01/04 14:40:01 183 1
2017/01/04 14:50:01 183 1
2017/01/04 15:00:01 183 2
2017/01/04 15:10:01 183 1
2017/01/04 15:20:02 183 2
2017/01/04 15:30:02 183 2
2017/01/04 15:40:01 183 3
2017/01/04 15:50:01 183 3
2017/01/04 16:00:02 183 4
2017/01/04 16:10:02 183 4
2017/01/04 16:20:02 183 6
2017/01/04 16:30:02 182 6
2017/01/04 16:40:01 181 6
2017/01/04 16:50:01 181 7
2017/01/04 17:00:01 180 7
2017/01/04 17:10:01 180 7
2017/01/04 17:20:01 179 7
2017/01/04 17:30:01 180 2
2017/01/04 17:40:01 180 5
2017/01/04 17:50:02 179 7
2017/01/04 18:00:01 179 8
2017/01/04 18:10:01 179 8
2017/01/04 18:20:02 178 9
2017/01/04 18:30:01 178 10
2017/01/04 18:40:01 178 11
2017/01/04 18:50:01 178 12
2017/01/04 19:00:01 178 12
2017/01/04 19:10:01 178 12
2017/01/04 19:20:01 178 12
2017/01/04 19:30:01 177 12
2017/01/04 19:40:01 177 12
2017/01/04 19:50:02 176 12
2017/01/04 20:00:01 177 14
2017/01/04 20:10:01 177 14
2017/01/04 20:20:02 176 14
2017/01/04 20:30:01 175 14
2017/01/04 20:40:02 174 14
2017/01/04 20:50:02 173 13
2017/01/04 21:00:01 173 13
2017/01/04 21:10:02 173 13
2017/01/04 21:20:02 173 13
2017/01/04 21:30:01 173 13
2017/01/04 21:40:01 173 13
2017/01/04 21:50:01 173 13
2017/01/04 22:00:01 174 11
2017/01/04 22:10:01 174 12
2017/01/04 22:20:02 174 12
2017/01/04 22:30:01 174 11
2017/01/04 22:40:01 173 10
2017/01/04 22:50:02 172 10
2017/01/04 23:00:01 172 9
2017/01/04 23:10:01 172 9
2017/01/04 23:20:01 172 8
2017/01/04 23:30:01 172 8
2017/01/04 23:40:01 172 8
2017/01/04 23:50:02 177 8
2017/01/05 00:00:02 177 7
2017/01/05 00:10:01 177 7
2017/01/05 00:20:01 177 7
2017/01/05 00:30:01 178 2
2017/01/05 00:40:02 178 1
2017/01/05 00:50:01 178 0
2017/01/05 01:00:01 178 0
2017/01/05 01:10:01 178 0
2017/01/05 01:20:02 179 0
2017/01/05 01:30:02 179 0
2017/01/05 01:40:01 179 0
2017/01/05 01:50:02 179 0
2017/01/05 02:00:01 180 0
2017/01/05 02:10:01 180 0
2017/01/05 02:20:01 180 0
2017/01/05 02:30:01 182 0
2017/01/05 02:40:01 182 0
2017/01/05 02:50:01 182 0
2017/01/05 03:00:01 182 0
2017/01/05 03:10:01 182 0
2017/01/05 03:20:01 183 0
2017/01/05 03:30:01 183 0
2017/01/05 03:40:01 183 0
2017/01/05 03:50:01 183 0
2017/01/05 04:00:01 183 0
2017/01/05 04:10:01 183 0
2017/01/05 04:20:01 183 0
2017/01/05 04:30:01 183 0
2017/01/05 04:40:01 183 0
2017/01/05 04:50:02 183 0
2017/01/05 05:00:01 183 0
2017/01/05 05:10:01 183 0
2017/01/05 05:20:01 183 0
2017/01/05 05:30:01 183 0
2017/01/05 05:40:01 183 0
2017/01/05 05:50:01 183 0
2017/01/05 06:00:01 183 0
2017/01/05 06:10:01 183 0
2017/01/05 06:20:01 183 0
2017/01/05 06:30:01 183 0
2017/01/05 06:40:01 183 0
2017/01/05 06:50:01 183 0
2017/01/05 07:00:02 183 0
2017/01/05 07:10:01 183 0
2017/01/05 07:20:02 183 0
2017/01/05 07:30:02 184 0
2017/01/05 07:40:02 184 0
2017/01/05 07:50:01 184 1
2017/01/05 08:00:01 184 1
2017/01/05 08:10:02 184 1
2017/01/05 08:20:02 184 1
2017/01/05 08:30:01 183 0
2017/01/05 08:40:01 183 0
2017/01/05 08:50:01 183 0
2017/01/05 09:00:01 183 0
2017/01/05 09:10:01 183 0
2017/01/05 09:20:01 183 0
2017/01/05 09:30:01 183 0
2017/01/05 09:40:01 183 0
2017/01/05 09:50:01 183 0
2017/01/05 10:00:01 183 0
2017/01/05 10:10:01 183 0
2017/01/05 10:20:01 183 0
2017/01/05 10:30:02 183 1
2017/01/05 10:40:01 183 2
2017/01/05 10:50:01 183 2
2017/01/05 11:00:01 183 1
2017/01/05 11:10:01 183 1
2017/01/05 11:20:01 183 1
2017/01/05 11:30:01 182 1
2017/01/05 11:40:02 181 1
2017/01/05 11:50:01 180 1
2017/01/05 12:00:01 180 1
2017/01/05 12:10:01 180 1
2017/01/05 12:20:02 180 1
2017/01/05 12:30:02 179 1
2017/01/05 12:40:02 179 2
2017/01/05 12:50:01 178 2
2017/01/05 13:00:01 178 2
2017/01/05 13:10:01 178 1
2017/01/05 13:20:01 178 1
2017/01/05 13:30:01 178 1
2017/01/05 13:40:01 178 1
2017/01/05 13:50:01 178 0
2017/01/05 14:00:01 178 0
2017/01/05 14:10:01 178 0
2017/01/05 14:20:01 178 0
2017/01/05 14:30:01 178 1
2017/01/05 14:40:01 178 1
2017/01/05 14:50:01 178 1
2017/01/05 15:00:01 179 2
